<?xml version="1.0" encoding="UTF-8"?>
<!-- Generated by org.testng.reporters.JUnitXMLReporter -->
<testsuite ignored="0" hostname="LAPTOP-GGIOLCA8" failures="1" tests="1" name="FirefoxTest" time="34.445" errors="0" timestamp="2025-02-13T08:21:14 IST">
  <testcase classname="testCases.TC001_Account_Registeration" name="verify_acc_reg" time="10.537">
    <failure type="java.lang.AssertionError" message="null">
      <![CDATA[java.lang.AssertionError: null
at testCases.TC001_Account_Registeration.verify_acc_reg(TC001_Account_Registeration.java:57)
at java.base/java.util.ArrayList.forEach(ArrayList.java:1596)
at java.base/java.util.concurrent.FutureTask.run(FutureTask.java:317)
at java.base/java.util.concurrent.ThreadPoolExecutor.runWorker(ThreadPoolExecutor.java:1144)
at java.base/java.util.concurrent.ThreadPoolExecutor$Worker.run(ThreadPoolExecutor.java:642)
at java.base/java.lang.Thread.run(Thread.java:1583)
... Removed 17 stack frames]]>
    </failure>
  </testcase> <!-- verify_acc_reg -->
</testsuite> <!-- FirefoxTest -->
